nohup: ignoring input
/home/HerobrineSonBased/esasrec/sasrec/train_finetune.py:155: FutureWarning: You are using `torch.load` with `weights_only=False` (the current default value), which uses the default pickle module implicitly. It is possible to construct malicious pickle data which will execute arbitrary code during unpickling (See https://github.com/pytorch/pytorch/blob/main/SECURITY.md#untrusted-models for more details). In a future release, the default value for `weights_only` will be flipped to `True`. This limits the functions that could be executed during unpickling. Arbitrary objects will no longer be allowed to be loaded via this mode unless they are explicitly allowlisted by the user via `torch.serialization.add_safe_globals`. We recommend you start setting `weights_only=True` for any use case where you don't have full control of the loaded file. Please open an issue on GitHub for any issues related to this experimental feature.
  model.load_state_dict(torch.load(stacked_path, map_location=device))
======================================================================
SASRec+ Training Script (Fine-tune)
======================================================================
Preprocessed data already exists: data/ml-20m.txt

Config:
  data_path: data/ml-20m.txt
  dataset: ml-20m
  data_dir: data
  hidden_units: 384
  num_blocks: 4
  num_heads: 1
  dropout_rate: 0.1
  max_length: 200
  loss: cross_entropy
  num_negatives: None
  full_negative_sampling: False
  batch_size: 128
  lr: 0.001
  max_epochs: 100
  patience: 10
  val_size: 10000
  top_k: [10]
  device: cuda
  num_workers: 4
  seed: 42
  save_dir: checkpoints384

Using device: cuda
Loading data from data/ml-20m.txt...
  Users: 138,493
  Items: 26,744
  Interactions: 20,000,263
  Avg seq length: 144.4
  Train users: 138,493
  Val users:   138,493
  Test users:  138,493

Model parameters: 13,901,952
Loading weights from checkpoints384/stacked_b4.pt
Model weights loaded.
Best model will be saved to: checkpoints384/best_model_384_b4.pt

======================================================================
Starting training...
======================================================================

nohup: ignoring input
/home/HerobrineSonBased/esasrec/sasrec/train_finetune.py:155: FutureWarning: You are using `torch.load` with `weights_only=False` (the current default value), which uses the default pickle module implicitly. It is possible to construct malicious pickle data which will execute arbitrary code during unpickling (See https://github.com/pytorch/pytorch/blob/main/SECURITY.md#untrusted-models for more details). In a future release, the default value for `weights_only` will be flipped to `True`. This limits the functions that could be executed during unpickling. Arbitrary objects will no longer be allowed to be loaded via this mode unless they are explicitly allowlisted by the user via `torch.serialization.add_safe_globals`. We recommend you start setting `weights_only=True` for any use case where you don't have full control of the loaded file. Please open an issue on GitHub for any issues related to this experimental feature.
  model.load_state_dict(torch.load(stacked_path, map_location=device))
======================================================================
SASRec+ Training Script (Fine-tune)
======================================================================
Preprocessed data already exists: data/ml-20m.txt

Config:
  data_path: data/ml-20m.txt
  dataset: ml-20m
  data_dir: data
  hidden_units: 384
  num_blocks: 4
  num_heads: 1
  dropout_rate: 0.1
  max_length: 200
  loss: cross_entropy
  num_negatives: None
  full_negative_sampling: False
  batch_size: 128
  lr: 0.001
  max_epochs: 100
  patience: 10
  val_size: 10000
  top_k: [10]
  device: cuda
  num_workers: 4
  seed: 42
  save_dir: checkpoints384

Using device: cuda
Loading data from data/ml-20m.txt...
  Users: 138,493
  Items: 26,744
  Interactions: 20,000,263
  Avg seq length: 144.4
  Train users: 138,493
  Val users:   138,493
  Test users:  138,493

Model parameters: 13,901,952
Loading weights from checkpoints384/stacked_b4.pt
Model weights loaded.
Best model will be saved to: checkpoints384/best_model_384_b4.pt

======================================================================
Starting training...
======================================================================

Traceback (most recent call last):
  File "/usr/lib/python3.10/runpy.py", line 196, in _run_module_as_main
    return _run_code(code, main_globals, None,
  File "/usr/lib/python3.10/runpy.py", line 86, in _run_code
    exec(code, run_globals)
  File "/home/HerobrineSonBased/esasrec/sasrec/train_finetune.py", line 239, in <module>
    main()
  File "/home/HerobrineSonBased/esasrec/sasrec/train_finetune.py", line 175, in main
    avg_loss = train_one_epoch(
  File "/home/HerobrineSonBased/esasrec/sasrec/train_finetune.py", line 45, in train_one_epoch
    loss.backward()
  File "/home/HerobrineSonBased/esasrec/venv/lib/python3.10/site-packages/torch/_tensor.py", line 581, in backward
    torch.autograd.backward(
  File "/home/HerobrineSonBased/esasrec/venv/lib/python3.10/site-packages/torch/autograd/__init__.py", line 347, in backward
    _engine_run_backward(
  File "/home/HerobrineSonBased/esasrec/venv/lib/python3.10/site-packages/torch/autograd/graph.py", line 825, in _engine_run_backward
    return Variable._execution_engine.run_backward(  # Calls into the C++ engine to run the backward pass
torch.OutOfMemoryError: CUDA out of memory. Tried to allocate 2.55 GiB. GPU 0 has a total capacity of 79.25 GiB of which 1.01 GiB is free. Process 4079367 has 1.73 GiB memory in use. Process 4089825 has 1.73 GiB memory in use. Process 1445160 has 6.45 GiB memory in use. Process 1513108 has 27.48 GiB memory in use. Process 3364761 has 726.00 MiB memory in use. Process 3831795 has 14.77 GiB memory in use. Process 3851395 has 15.30 GiB memory in use. Including non-PyTorch memory, this process has 10.04 GiB memory in use. Of the allocated memory 9.53 GiB is allocated by PyTorch, and 19.19 MiB is reserved by PyTorch but unallocated. If reserved but unallocated memory is large try setting PYTORCH_CUDA_ALLOC_CONF=expandable_segments:True to avoid fragmentation.  See documentation for Memory Management  (https://pytorch.org/docs/stable/notes/cuda.html#environment-variables)
  Evaluated 256/10000 users...
Epoch   1/100 | Loss: 5.3518 | Val HR@10: 0.3391 | Val NDCG@10: 0.2042 | Time: 463.1s * (saved)
  Evaluated 256/10000 users...
Epoch   2/100 | Loss: 5.2123 | Val HR@10: 0.3435 | Val NDCG@10: 0.2089 | Time: 469.6s * (saved)
  Evaluated 256/10000 users...
Epoch   3/100 | Loss: 5.1662 | Val HR@10: 0.3486 | Val NDCG@10: 0.2122 | Time: 466.2s * (saved)
  Evaluated 256/10000 users...
Epoch   4/100 | Loss: 5.1271 | Val HR@10: 0.3450 | Val NDCG@10: 0.2091 | Time: 474.2s
  Evaluated 256/10000 users...
Epoch   5/100 | Loss: 5.1001 | Val HR@10: 0.3508 | Val NDCG@10: 0.2102 | Time: 467.2s
  Evaluated 256/10000 users...
Epoch   6/100 | Loss: 5.0782 | Val HR@10: 0.3524 | Val NDCG@10: 0.2185 | Time: 473.6s * (saved)
  Evaluated 256/10000 users...
Epoch   7/100 | Loss: 5.0630 | Val HR@10: 0.3487 | Val NDCG@10: 0.2106 | Time: 469.8s
  Evaluated 256/10000 users...
Epoch   8/100 | Loss: 5.0476 | Val HR@10: 0.3613 | Val NDCG@10: 0.2214 | Time: 469.5s * (saved)
  Evaluated 256/10000 users...
Epoch   9/100 | Loss: 5.0348 | Val HR@10: 0.3509 | Val NDCG@10: 0.2138 | Time: 466.2s
  Evaluated 256/10000 users...
Epoch  10/100 | Loss: 5.0236 | Val HR@10: 0.3552 | Val NDCG@10: 0.2148 | Time: 474.4s
  Evaluated 256/10000 users...
Epoch  11/100 | Loss: 5.0138 | Val HR@10: 0.3533 | Val NDCG@10: 0.2152 | Time: 466.9s
  Evaluated 256/10000 users...
Epoch  12/100 | Loss: 5.0043 | Val HR@10: 0.3489 | Val NDCG@10: 0.2125 | Time: 410.0s
  Evaluated 256/10000 users...
Epoch  13/100 | Loss: 4.9962 | Val HR@10: 0.3541 | Val NDCG@10: 0.2176 | Time: 232.5s
  Evaluated 256/10000 users...
Epoch  14/100 | Loss: 4.9891 | Val HR@10: 0.3522 | Val NDCG@10: 0.2159 | Time: 228.4s
  Evaluated 256/10000 users...
Epoch  15/100 | Loss: 4.9817 | Val HR@10: 0.3655 | Val NDCG@10: 0.2246 | Time: 235.5s * (saved)
  Evaluated 256/10000 users...
Epoch  16/100 | Loss: 4.9754 | Val HR@10: 0.3632 | Val NDCG@10: 0.2211 | Time: 228.8s
  Evaluated 256/10000 users...
Epoch  17/100 | Loss: 4.9689 | Val HR@10: 0.3647 | Val NDCG@10: 0.2223 | Time: 229.1s
  Evaluated 256/10000 users...
Epoch  18/100 | Loss: 4.9625 | Val HR@10: 0.3636 | Val NDCG@10: 0.2238 | Time: 233.0s
  Evaluated 256/10000 users...
Epoch  19/100 | Loss: 4.9569 | Val HR@10: 0.3593 | Val NDCG@10: 0.2221 | Time: 227.9s
  Evaluated 256/10000 users...
Epoch  20/100 | Loss: 4.9541 | Val HR@10: 0.3548 | Val NDCG@10: 0.2180 | Time: 226.4s
  Evaluated 256/10000 users...
Epoch  21/100 | Loss: 4.9471 | Val HR@10: 0.3643 | Val NDCG@10: 0.2270 | Time: 240.1s * (saved)
  Evaluated 256/10000 users...
Epoch  22/100 | Loss: 4.9424 | Val HR@10: 0.3546 | Val NDCG@10: 0.2173 | Time: 232.0s
  Evaluated 256/10000 users...
Epoch  23/100 | Loss: 4.9383 | Val HR@10: 0.3551 | Val NDCG@10: 0.2188 | Time: 224.5s
  Evaluated 256/10000 users...
Epoch  24/100 | Loss: 4.9343 | Val HR@10: 0.3546 | Val NDCG@10: 0.2177 | Time: 227.4s
  Evaluated 256/10000 users...
Epoch  25/100 | Loss: 4.9297 | Val HR@10: 0.3676 | Val NDCG@10: 0.2254 | Time: 228.9s
  Evaluated 256/10000 users...
Epoch  26/100 | Loss: 4.9265 | Val HR@10: 0.3529 | Val NDCG@10: 0.2150 | Time: 225.2s
  Evaluated 256/10000 users...
Epoch  27/100 | Loss: 4.9247 | Val HR@10: 0.3530 | Val NDCG@10: 0.2172 | Time: 232.8s
  Evaluated 256/10000 users...
Epoch  28/100 | Loss: 4.9188 | Val HR@10: 0.3554 | Val NDCG@10: 0.2190 | Time: 226.3s
  Evaluated 256/10000 users...
Epoch  29/100 | Loss: 4.9153 | Val HR@10: 0.3498 | Val NDCG@10: 0.2139 | Time: 234.9s
  Evaluated 256/10000 users...
Epoch  30/100 | Loss: 4.9126 | Val HR@10: 0.3562 | Val NDCG@10: 0.2214 | Time: 233.5s
  Evaluated 256/10000 users...
/home/HerobrineSonBased/esasrec/sasrec/train_finetune.py:216: FutureWarning: You are using `torch.load` with `weights_only=False` (the current default value), which uses the default pickle module implicitly. It is possible to construct malicious pickle data which will execute arbitrary code during unpickling (See https://github.com/pytorch/pytorch/blob/main/SECURITY.md#untrusted-models for more details). In a future release, the default value for `weights_only` will be flipped to `True`. This limits the functions that could be executed during unpickling. Arbitrary objects will no longer be allowed to be loaded via this mode unless they are explicitly allowlisted by the user via `torch.serialization.add_safe_globals`. We recommend you start setting `weights_only=True` for any use case where you don't have full control of the loaded file. Please open an issue on GitHub for any issues related to this experimental feature.
  model.load_state_dict(torch.load(best_path, map_location=device))
Epoch  31/100 | Loss: 4.9097 | Val HR@10: 0.3634 | Val NDCG@10: 0.2250 | Time: 227.7s

Early stopping at epoch 31 (patience=10)

Total training time: 10042.2s (167.4min)
Best validation NDCG@10: 0.2270

======================================================================
Final evaluation on test set (full-catalog ranking)...
======================================================================


--- Test metrics @10 ---
  Evaluated 256/138493 users...
  Evaluated 13056/138493 users...
  Evaluated 25856/138493 users...
  Evaluated 38656/138493 users...
  Evaluated 51456/138493 users...
  Evaluated 64256/138493 users...
  Evaluated 77056/138493 users...
  Evaluated 89856/138493 users...
  Evaluated 102656/138493 users...
  Evaluated 115456/138493 users...
  Evaluated 128256/138493 users...
  HR@10: 0.3223
  NDCG@10: 0.1996
  MRR@10: 0.1619

--- Validation metrics @10 (best model) ---
  Evaluated 256/138493 users...
  Evaluated 13056/138493 users...
  Evaluated 25856/138493 users...
  Evaluated 38656/138493 users...
  Evaluated 51456/138493 users...
  Evaluated 64256/138493 users...
  Evaluated 77056/138493 users...
  Evaluated 89856/138493 users...
  Evaluated 102656/138493 users...
  Evaluated 115456/138493 users...
  Evaluated 128256/138493 users...
  HR@10: 0.3580
  NDCG@10: 0.2196
  MRR@10: 0.1771

======================================================================
Done!
======================================================================
